 
*** VICE Version 3.4 ***
 
Welcome to x64sc, the free portable C64 Emulator.
 
Current VICE team members:
Marco van den Heuvel, Fabrizio Gennari, Groepaz, Errol Smith, Olaf Seibert, 
Marcus Sutton, Kajtar Zsolt, AreaScout, Bas Wassink, Michael C. Martin, 
David Hogan.
 
This is free software with ABSOLUTELY NO WARRANTY.
See the "About VICE" command for more info.
 
Loading system file `/usr/lib64/vice/C64/kernal'.
Loading system file `/usr/lib64/vice/C64/basic'.
Loading system file `/usr/lib64/vice/C64/chargen'.
Loading system file `/usr/lib64/vice/PRINTER/mps803'.
Palette: Loading palette `/usr/lib64/vice/PRINTER/mps803.vpl'.
Loading system file `/usr/lib64/vice/PRINTER/nl10-cbm'.
Palette: Loading palette `/usr/lib64/vice/PRINTER/nl10.vpl'.
NL10: Printer driver initialized.
Palette: Loading palette `/usr/lib64/vice/PRINTER/1520.vpl'.
Loading system file `/usr/lib64/vice/DRIVES/dos1540'.
Loading system file `/usr/lib64/vice/DRIVES/dos1541'.
Loading system file `/usr/lib64/vice/DRIVES/d1541II'.
Loading system file `/usr/lib64/vice/DRIVES/dos1570'.
Loading system file `/usr/lib64/vice/DRIVES/dos1571'.
Loading system file `/usr/lib64/vice/DRIVES/dos1581'.
DriveROM: Error - 2000 ROM image not found. Hardware-level 2000 emulation is not available.
DriveROM: Error - 4000 ROM image not found. Hardware-level 4000 emulation is not available.
Loading system file `/usr/lib64/vice/DRIVES/dos2031'.
Loading system file `/usr/lib64/vice/DRIVES/dos2040'.
Loading system file `/usr/lib64/vice/DRIVES/dos3040'.
Loading system file `/usr/lib64/vice/DRIVES/dos4040'.
Loading system file `/usr/lib64/vice/DRIVES/dos1001'.
Drive: Finished loading ROM images.
VIC-II: Initializing chip model "MOS6567R8" (65 cycles per line, 263 raster lines).
using GTK3 backend: OpenGL
Creating GtkGlArea widget.
GdkGlkContext is in modern (OpenGL 3.2) mode.
Sound: Available sound devices: pulse alsa dummy fs dump wav voc iff aiff mp3 flac ogg soundmovie
Joystick: Linux joystick interface initialization...
Joystick: Warning - Cannot open joystick device `/dev/input/js0'.
Joystick: Warning - Cannot open joystick device `/dev/input/js1'.
Joystick: Warning - Cannot open joystick device `/dev/input/js2'.
Joystick: Warning - Cannot open joystick device `/dev/input/js3'.
Joystick: Warning - Cannot open joystick device `/dev/input/js4'.
Joystick: Warning - Cannot open joystick device `/dev/input/js5'.
Keyboard: Loading keymap `/usr/lib64/vice/C64/gtk3_sym.vkm'.
Keyboard: Warning - gtk3_sym.vkm: !LCBM !VCBM !LCTRL !VCTRL not defined.
Main CPU: starting at ($FFFC).
Main CPU: RESET.
Sound: Opened device `pulse', speed 44100Hz, fragment size 2.9ms, buffer size 101ms
reSID: MOS6581, filter on, sampling rate 44100Hz - resampling, pass to 19845Hz
Drive 8: RESET.

Exiting...
VIC-II: VSP Bug: safe channels are: 0134567. Emulation of memory corruption is disabled.
Sound: Closing device `pulse'
